{"/Users/mk/workspace/react-kup/lib/react-kup.js":{"path":"/Users/mk/workspace/react-kup/lib/react-kup.js","s":{"1":1,"2":1,"3":1,"4":0,"5":1,"6":1,"7":0,"8":0,"9":0,"10":1,"11":1,"12":34,"13":34,"14":1,"15":50,"16":50,"17":50,"18":50,"19":50,"20":51,"21":6,"22":45,"23":11,"24":11,"25":11,"26":34,"27":2,"28":32,"29":28,"30":50,"31":52,"32":52,"33":52,"34":52,"35":52,"36":1,"37":51,"38":3,"39":1,"40":2,"41":2,"42":48,"43":48,"44":33,"45":33,"46":48,"47":48,"48":48,"49":48,"50":34,"51":1,"52":130,"53":0,"54":130,"55":36,"56":36,"57":36,"58":1,"59":34,"60":34,"61":34,"62":33,"63":33,"64":1},"b":{"1":[0,1],"2":[1,0],"3":[1,0],"4":[1,1],"5":[0,0],"6":[6,45],"7":[11,34],"8":[2,32],"9":[28,4],"10":[10,42],"11":[1,51],"12":[52,33],"13":[3,48],"14":[1,2],"15":[3,2],"16":[48,17,17],"17":[33,15],"18":[34,3],"19":[0,130],"20":[33,3],"21":[33,1]},"f":{"1":1,"2":1,"3":34,"4":50,"5":51,"6":52,"7":34,"8":130,"9":36,"10":34},"fnMap":{"1":{"name":"(anonymous_1)","line":4,"loc":{"start":{"line":4,"column":1},"end":{"line":4,"column":25}}},"2":{"name":"(anonymous_2)","line":15,"loc":{"start":{"line":15,"column":9},"end":{"line":15,"column":25}}},"3":{"name":"(anonymous_3)","line":17,"loc":{"start":{"line":17,"column":13},"end":{"line":17,"column":24}}},"4":{"name":"(anonymous_4)","line":22,"loc":{"start":{"line":22,"column":23},"end":{"line":22,"column":40}}},"5":{"name":"(anonymous_5)","line":27,"loc":{"start":{"line":27,"column":21},"end":{"line":27,"column":37}}},"6":{"name":"(anonymous_6)","line":42,"loc":{"start":{"line":42,"column":11},"end":{"line":42,"column":22}}},"7":{"name":"(anonymous_7)","line":67,"loc":{"start":{"line":67,"column":13},"end":{"line":67,"column":24}}},"8":{"name":"(anonymous_8)","line":71,"loc":{"start":{"line":71,"column":33},"end":{"line":71,"column":51}}},"9":{"name":"(anonymous_9)","line":75,"loc":{"start":{"line":75,"column":41},"end":{"line":75,"column":52}}},"10":{"name":"(anonymous_10)","line":81,"loc":{"start":{"line":81,"column":9},"end":{"line":81,"column":28}}}},"statementMap":{"1":{"start":{"line":2,"column":0},"end":{"line":2,"column":21}},"2":{"start":{"line":4,"column":0},"end":{"line":91,"column":3}},"3":{"start":{"line":5,"column":2},"end":{"line":14,"column":3}},"4":{"start":{"line":6,"column":4},"end":{"line":6,"column":38}},"5":{"start":{"line":7,"column":9},"end":{"line":14,"column":3}},"6":{"start":{"line":8,"column":4},"end":{"line":8,"column":54}},"7":{"start":{"line":10,"column":4},"end":{"line":12,"column":5}},"8":{"start":{"line":11,"column":6},"end":{"line":11,"column":99}},"9":{"start":{"line":13,"column":4},"end":{"line":13,"column":47}},"10":{"start":{"line":16,"column":2},"end":{"line":16,"column":15}},"11":{"start":{"line":17,"column":2},"end":{"line":20,"column":4}},"12":{"start":{"line":18,"column":4},"end":{"line":18,"column":22}},"13":{"start":{"line":19,"column":4},"end":{"line":19,"column":16}},"14":{"start":{"line":21,"column":2},"end":{"line":70,"column":4}},"15":{"start":{"line":23,"column":6},"end":{"line":23,"column":44}},"16":{"start":{"line":24,"column":6},"end":{"line":24,"column":25}},"17":{"start":{"line":25,"column":6},"end":{"line":25,"column":60}},"18":{"start":{"line":26,"column":6},"end":{"line":26,"column":19}},"19":{"start":{"line":27,"column":6},"end":{"line":39,"column":9}},"20":{"start":{"line":28,"column":8},"end":{"line":38,"column":9}},"21":{"start":{"line":29,"column":10},"end":{"line":29,"column":37}},"22":{"start":{"line":30,"column":15},"end":{"line":38,"column":9}},"23":{"start":{"line":31,"column":10},"end":{"line":31,"column":28}},"24":{"start":{"line":32,"column":10},"end":{"line":32,"column":18}},"25":{"start":{"line":33,"column":10},"end":{"line":33,"column":57}},"26":{"start":{"line":34,"column":15},"end":{"line":38,"column":9}},"27":{"start":{"line":35,"column":10},"end":{"line":35,"column":68}},"28":{"start":{"line":36,"column":15},"end":{"line":38,"column":9}},"29":{"start":{"line":37,"column":10},"end":{"line":37,"column":37}},"30":{"start":{"line":40,"column":6},"end":{"line":40,"column":21}},"31":{"start":{"line":43,"column":6},"end":{"line":43,"column":102}},"32":{"start":{"line":44,"column":6},"end":{"line":44,"column":115}},"33":{"start":{"line":45,"column":6},"end":{"line":45,"column":43}},"34":{"start":{"line":46,"column":6},"end":{"line":46,"column":55}},"35":{"start":{"line":47,"column":6},"end":{"line":49,"column":7}},"36":{"start":{"line":48,"column":8},"end":{"line":48,"column":99}},"37":{"start":{"line":50,"column":6},"end":{"line":56,"column":7}},"38":{"start":{"line":51,"column":8},"end":{"line":53,"column":9}},"39":{"start":{"line":52,"column":10},"end":{"line":52,"column":135}},"40":{"start":{"line":54,"column":8},"end":{"line":54,"column":33}},"41":{"start":{"line":55,"column":8},"end":{"line":55,"column":20}},"42":{"start":{"line":57,"column":6},"end":{"line":57,"column":108}},"43":{"start":{"line":58,"column":6},"end":{"line":61,"column":7}},"44":{"start":{"line":59,"column":8},"end":{"line":59,"column":33}},"45":{"start":{"line":60,"column":8},"end":{"line":60,"column":20}},"46":{"start":{"line":62,"column":6},"end":{"line":62,"column":52}},"47":{"start":{"line":63,"column":6},"end":{"line":63,"column":96}},"48":{"start":{"line":64,"column":6},"end":{"line":64,"column":34}},"49":{"start":{"line":65,"column":6},"end":{"line":65,"column":21}},"50":{"start":{"line":68,"column":6},"end":{"line":68,"column":38}},"51":{"start":{"line":71,"column":2},"end":{"line":80,"column":5}},"52":{"start":{"line":72,"column":4},"end":{"line":74,"column":5}},"53":{"start":{"line":73,"column":6},"end":{"line":73,"column":110}},"54":{"start":{"line":75,"column":4},"end":{"line":79,"column":6}},"55":{"start":{"line":76,"column":6},"end":{"line":76,"column":15}},"56":{"start":{"line":77,"column":6},"end":{"line":77,"column":67}},"57":{"start":{"line":78,"column":6},"end":{"line":78,"column":72}},"58":{"start":{"line":81,"column":2},"end":{"line":90,"column":4}},"59":{"start":{"line":82,"column":4},"end":{"line":82,"column":12}},"60":{"start":{"line":83,"column":4},"end":{"line":83,"column":23}},"61":{"start":{"line":84,"column":4},"end":{"line":89,"column":5}},"62":{"start":{"line":85,"column":6},"end":{"line":85,"column":20}},"63":{"start":{"line":86,"column":6},"end":{"line":86,"column":27}},"64":{"start":{"line":88,"column":6},"end":{"line":88,"column":17}}},"branchMap":{"1":{"line":5,"type":"if","locations":[{"start":{"line":5,"column":2},"end":{"line":5,"column":2}},{"start":{"line":5,"column":2},"end":{"line":5,"column":2}}]},"2":{"line":5,"type":"binary-expr","locations":[{"start":{"line":5,"column":7},"end":{"line":5,"column":35}},{"start":{"line":5,"column":41},"end":{"line":5,"column":59}}]},"3":{"line":7,"type":"if","locations":[{"start":{"line":7,"column":9},"end":{"line":7,"column":9}},{"start":{"line":7,"column":9},"end":{"line":7,"column":9}}]},"4":{"line":7,"type":"binary-expr","locations":[{"start":{"line":7,"column":13},"end":{"line":7,"column":43}},{"start":{"line":7,"column":47},"end":{"line":7,"column":63}}]},"5":{"line":10,"type":"if","locations":[{"start":{"line":10,"column":4},"end":{"line":10,"column":4}},{"start":{"line":10,"column":4},"end":{"line":10,"column":4}}]},"6":{"line":28,"type":"if","locations":[{"start":{"line":28,"column":8},"end":{"line":28,"column":8}},{"start":{"line":28,"column":8},"end":{"line":28,"column":8}}]},"7":{"line":30,"type":"if","locations":[{"start":{"line":30,"column":15},"end":{"line":30,"column":15}},{"start":{"line":30,"column":15},"end":{"line":30,"column":15}}]},"8":{"line":34,"type":"if","locations":[{"start":{"line":34,"column":15},"end":{"line":34,"column":15}},{"start":{"line":34,"column":15},"end":{"line":34,"column":15}}]},"9":{"line":36,"type":"if","locations":[{"start":{"line":36,"column":15},"end":{"line":36,"column":15}},{"start":{"line":36,"column":15},"end":{"line":36,"column":15}}]},"10":{"line":44,"type":"cond-expr","locations":[{"start":{"line":44,"column":85},"end":{"line":44,"column":109}},{"start":{"line":44,"column":112},"end":{"line":44,"column":114}}]},"11":{"line":47,"type":"if","locations":[{"start":{"line":47,"column":6},"end":{"line":47,"column":6}},{"start":{"line":47,"column":6},"end":{"line":47,"column":6}}]},"12":{"line":47,"type":"binary-expr","locations":[{"start":{"line":47,"column":10},"end":{"line":47,"column":20}},{"start":{"line":47,"column":24},"end":{"line":47,"column":44}}]},"13":{"line":50,"type":"if","locations":[{"start":{"line":50,"column":6},"end":{"line":50,"column":6}},{"start":{"line":50,"column":6},"end":{"line":50,"column":6}}]},"14":{"line":51,"type":"if","locations":[{"start":{"line":51,"column":8},"end":{"line":51,"column":8}},{"start":{"line":51,"column":8},"end":{"line":51,"column":8}}]},"15":{"line":51,"type":"binary-expr","locations":[{"start":{"line":51,"column":13},"end":{"line":51,"column":27}},{"start":{"line":51,"column":32},"end":{"line":51,"column":53}}]},"16":{"line":57,"type":"binary-expr","locations":[{"start":{"line":57,"column":22},"end":{"line":57,"column":48}},{"start":{"line":57,"column":52},"end":{"line":57,"column":81}},{"start":{"line":57,"column":85},"end":{"line":57,"column":107}}]},"17":{"line":58,"type":"if","locations":[{"start":{"line":58,"column":6},"end":{"line":58,"column":6}},{"start":{"line":58,"column":6},"end":{"line":58,"column":6}}]},"18":{"line":68,"type":"binary-expr","locations":[{"start":{"line":68,"column":13},"end":{"line":68,"column":29}},{"start":{"line":68,"column":33},"end":{"line":68,"column":37}}]},"19":{"line":72,"type":"if","locations":[{"start":{"line":72,"column":4},"end":{"line":72,"column":4}},{"start":{"line":72,"column":4},"end":{"line":72,"column":4}}]},"20":{"line":77,"type":"cond-expr","locations":[{"start":{"line":77,"column":37},"end":{"line":77,"column":61}},{"start":{"line":77,"column":64},"end":{"line":77,"column":66}}]},"21":{"line":84,"type":"if","locations":[{"start":{"line":84,"column":4},"end":{"line":84,"column":4}},{"start":{"line":84,"column":4},"end":{"line":84,"column":4}}]}}}}