TN:
SF:/Users/mk/workspace/react-kup/lib/react-kup.js
FN:4,(anonymous_1)
FN:15,(anonymous_2)
FN:17,(anonymous_3)
FN:22,(anonymous_4)
FN:27,(anonymous_5)
FN:42,(anonymous_6)
FN:67,(anonymous_7)
FN:71,(anonymous_8)
FN:75,(anonymous_9)
FN:81,(anonymous_10)
FNF:10
FNH:10
FNDA:1,(anonymous_1)
FNDA:1,(anonymous_2)
FNDA:34,(anonymous_3)
FNDA:50,(anonymous_4)
FNDA:51,(anonymous_5)
FNDA:52,(anonymous_6)
FNDA:34,(anonymous_7)
FNDA:130,(anonymous_8)
FNDA:36,(anonymous_9)
FNDA:34,(anonymous_10)
DA:2,1
DA:4,1
DA:5,1
DA:6,0
DA:7,1
DA:8,1
DA:10,0
DA:11,0
DA:13,0
DA:16,1
DA:17,1
DA:18,34
DA:19,34
DA:21,1
DA:23,50
DA:24,50
DA:25,50
DA:26,50
DA:27,50
DA:28,51
DA:29,6
DA:30,45
DA:31,11
DA:32,11
DA:33,11
DA:34,34
DA:35,2
DA:36,32
DA:37,28
DA:40,50
DA:43,52
DA:44,52
DA:45,52
DA:46,52
DA:47,52
DA:48,1
DA:50,51
DA:51,3
DA:52,1
DA:54,2
DA:55,2
DA:57,48
DA:58,48
DA:59,33
DA:60,33
DA:62,48
DA:63,48
DA:64,48
DA:65,48
DA:68,34
DA:71,1
DA:72,130
DA:73,0
DA:75,130
DA:76,36
DA:77,36
DA:78,36
DA:81,1
DA:82,34
DA:83,34
DA:84,34
DA:85,33
DA:86,33
DA:88,1
LF:64
LH:59
BRDA:5,1,0,0
BRDA:5,1,1,1
BRDA:5,2,0,1
BRDA:5,2,1,0
BRDA:7,3,0,1
BRDA:7,3,1,0
BRDA:7,4,0,1
BRDA:7,4,1,1
BRDA:10,5,0,0
BRDA:10,5,1,0
BRDA:28,6,0,6
BRDA:28,6,1,45
BRDA:30,7,0,11
BRDA:30,7,1,34
BRDA:34,8,0,2
BRDA:34,8,1,32
BRDA:36,9,0,28
BRDA:36,9,1,4
BRDA:44,10,0,10
BRDA:44,10,1,42
BRDA:47,11,0,1
BRDA:47,11,1,51
BRDA:47,12,0,52
BRDA:47,12,1,33
BRDA:50,13,0,3
BRDA:50,13,1,48
BRDA:51,14,0,1
BRDA:51,14,1,2
BRDA:51,15,0,3
BRDA:51,15,1,2
BRDA:57,16,0,48
BRDA:57,16,1,17
BRDA:57,16,2,17
BRDA:58,17,0,33
BRDA:58,17,1,15
BRDA:68,18,0,34
BRDA:68,18,1,3
BRDA:72,19,0,0
BRDA:72,19,1,130
BRDA:77,20,0,33
BRDA:77,20,1,3
BRDA:84,21,0,33
BRDA:84,21,1,1
BRF:43
BRH:37
end_of_record
